This is pdfTeX, Version 3.141592653-2.6-1.40.25 (TeX Live 2023) (preloaded format=pdflatex 2024.1.29)  24 FEB 2024 18:18
entering extended mode
 restricted \write18 enabled.
 %&-line parsing enabled.
**Baba-Demarquet-deBrandois-Gay-Rapport.tex
(./Baba-Demarquet-deBrandois-Gay-Rapport.tex
LaTeX2e <2023-11-01> patch level 1
L3 programming layer <2024-01-22>
(/home/felix/.TinyTeX/texmf-dist/tex/latex/base/article.cls
Document Class: article 2023/05/17 v1.4n Standard LaTeX document class
(/home/felix/.TinyTeX/texmf-dist/tex/latex/base/size10.clo
File: size10.clo 2023/05/17 v1.4n Standard LaTeX file (size option)
)
\c@part=\count187
\c@section=\count188
\c@subsection=\count189
\c@subsubsection=\count190
\c@paragraph=\count191
\c@subparagraph=\count192
\c@figure=\count193
\c@table=\count194
\abovecaptionskip=\skip48
\belowcaptionskip=\skip49
\bibindent=\dimen140
) (/home/felix/.TinyTeX/texmf-dist/tex/latex/lm/lmodern.sty
Package: lmodern 2015/05/01 v1.6.1 Latin Modern Fonts
LaTeX Font Info:    Overwriting symbol font `operators' in version `normal'
(Font)                  OT1/cmr/m/n --> OT1/lmr/m/n on input line 22.
LaTeX Font Info:    Overwriting symbol font `letters' in version `normal'
(Font)                  OML/cmm/m/it --> OML/lmm/m/it on input line 23.
LaTeX Font Info:    Overwriting symbol font `symbols' in version `normal'
(Font)                  OMS/cmsy/m/n --> OMS/lmsy/m/n on input line 24.
LaTeX Font Info:    Overwriting symbol font `largesymbols' in version `normal'
(Font)                  OMX/cmex/m/n --> OMX/lmex/m/n on input line 25.
LaTeX Font Info:    Overwriting symbol font `operators' in version `bold'
(Font)                  OT1/cmr/bx/n --> OT1/lmr/bx/n on input line 26.
LaTeX Font Info:    Overwriting symbol font `letters' in version `bold'
(Font)                  OML/cmm/b/it --> OML/lmm/b/it on input line 27.
LaTeX Font Info:    Overwriting symbol font `symbols' in version `bold'
(Font)                  OMS/cmsy/b/n --> OMS/lmsy/b/n on input line 28.
LaTeX Font Info:    Overwriting symbol font `largesymbols' in version `bold'
(Font)                  OMX/cmex/m/n --> OMX/lmex/m/n on input line 29.
LaTeX Font Info:    Overwriting math alphabet `\mathbf' in version `normal'
(Font)                  OT1/cmr/bx/n --> OT1/lmr/bx/n on input line 31.
LaTeX Font Info:    Overwriting math alphabet `\mathsf' in version `normal'
(Font)                  OT1/cmss/m/n --> OT1/lmss/m/n on input line 32.
LaTeX Font Info:    Overwriting math alphabet `\mathit' in version `normal'
(Font)                  OT1/cmr/m/it --> OT1/lmr/m/it on input line 33.
LaTeX Font Info:    Overwriting math alphabet `\mathtt' in version `normal'
(Font)                  OT1/cmtt/m/n --> OT1/lmtt/m/n on input line 34.
LaTeX Font Info:    Overwriting math alphabet `\mathbf' in version `bold'
(Font)                  OT1/cmr/bx/n --> OT1/lmr/bx/n on input line 35.
LaTeX Font Info:    Overwriting math alphabet `\mathsf' in version `bold'
(Font)                  OT1/cmss/bx/n --> OT1/lmss/bx/n on input line 36.
LaTeX Font Info:    Overwriting math alphabet `\mathit' in version `bold'
(Font)                  OT1/cmr/bx/it --> OT1/lmr/bx/it on input line 37.
LaTeX Font Info:    Overwriting math alphabet `\mathtt' in version `bold'
(Font)                  OT1/cmtt/m/n --> OT1/lmtt/m/n on input line 38.
) (/home/felix/.TinyTeX/texmf-dist/tex/latex/amsfonts/amssymb.sty
Package: amssymb 2013/01/14 v3.01 AMS font symbols
(/home/felix/.TinyTeX/texmf-dist/tex/latex/amsfonts/amsfonts.sty
Package: amsfonts 2013/01/14 v3.01 Basic AMSFonts support
\@emptytoks=\toks17
\symAMSa=\mathgroup4
\symAMSb=\mathgroup5
LaTeX Font Info:    Redeclaring math symbol \hbar on input line 98.
LaTeX Font Info:    Overwriting math alphabet `\mathfrak' in version `bold'
(Font)                  U/euf/m/n --> U/euf/b/n on input line 106.
)) (/home/felix/.TinyTeX/texmf-dist/tex/latex/amsmath/amsmath.sty
Package: amsmath 2023/05/13 v2.17o AMS math features
\@mathmargin=\skip50
For additional information on amsmath, use the `?' option.
(/home/felix/.TinyTeX/texmf-dist/tex/latex/amsmath/amstext.sty
Package: amstext 2021/08/26 v2.01 AMS text
(/home/felix/.TinyTeX/texmf-dist/tex/latex/amsmath/amsgen.sty
File: amsgen.sty 1999/11/30 v2.0 generic functions
\@emptytoks=\toks18
\ex@=\dimen141
)) (/home/felix/.TinyTeX/texmf-dist/tex/latex/amsmath/amsbsy.sty
Package: amsbsy 1999/11/29 v1.2d Bold Symbols
\pmbraise@=\dimen142
) (/home/felix/.TinyTeX/texmf-dist/tex/latex/amsmath/amsopn.sty
Package: amsopn 2022/04/08 v2.04 operator names
)
\inf@bad=\count195
LaTeX Info: Redefining \frac on input line 234.
\uproot@=\count196
\leftroot@=\count197
LaTeX Info: Redefining \overline on input line 399.
LaTeX Info: Redefining \colon on input line 410.
\classnum@=\count198
\DOTSCASE@=\count199
LaTeX Info: Redefining \ldots on input line 496.
LaTeX Info: Redefining \dots on input line 499.
LaTeX Info: Redefining \cdots on input line 620.
\Mathstrutbox@=\box51
\strutbox@=\box52
LaTeX Info: Redefining \big on input line 722.
LaTeX Info: Redefining \Big on input line 723.
LaTeX Info: Redefining \bigg on input line 724.
LaTeX Info: Redefining \Bigg on input line 725.
\big@size=\dimen143
LaTeX Font Info:    Redeclaring font encoding OML on input line 743.
LaTeX Font Info:    Redeclaring font encoding OMS on input line 744.
\macc@depth=\count266
LaTeX Info: Redefining \bmod on input line 905.
LaTeX Info: Redefining \pmod on input line 910.
LaTeX Info: Redefining \smash on input line 940.
LaTeX Info: Redefining \relbar on input line 970.
LaTeX Info: Redefining \Relbar on input line 971.
\c@MaxMatrixCols=\count267
\dotsspace@=\muskip16
\c@parentequation=\count268
\dspbrk@lvl=\count269
\tag@help=\toks19
\row@=\count270
\column@=\count271
\maxfields@=\count272
\andhelp@=\toks20
\eqnshift@=\dimen144
\alignsep@=\dimen145
\tagshift@=\dimen146
\tagwidth@=\dimen147
\totwidth@=\dimen148
\lineht@=\dimen149
\@envbody=\toks21
\multlinegap=\skip51
\multlinetaggap=\skip52
\mathdisplay@stack=\toks22
LaTeX Info: Redefining \[ on input line 2953.
LaTeX Info: Redefining \] on input line 2954.
) (/home/felix/.TinyTeX/texmf-dist/tex/generic/iftex/ifxetex.sty
Package: ifxetex 2019/10/25 v0.7 ifxetex legacy package. Use iftex instead.
(/home/felix/.TinyTeX/texmf-dist/tex/generic/iftex/iftex.sty
Package: iftex 2022/02/03 v1.0f TeX engine tests
)) (/home/felix/.TinyTeX/texmf-dist/tex/generic/iftex/ifluatex.sty
Package: ifluatex 2019/10/25 v1.5 ifluatex legacy package. Use iftex instead.
) (/home/felix/.TinyTeX/texmf-dist/tex/latex/base/fontenc.sty
Package: fontenc 2021/04/29 v2.0v Standard LaTeX package
LaTeX Font Info:    Trying to load font information for T1+lmr on input line 112.
(/home/felix/.TinyTeX/texmf-dist/tex/latex/lm/t1lmr.fd
File: t1lmr.fd 2015/05/01 v1.6.1 Font defs for Latin Modern
)) (/home/felix/.TinyTeX/texmf-dist/tex/latex/base/inputenc.sty
Package: inputenc 2021/02/14 v1.3d Input encoding file
\inpenc@prehook=\toks23
\inpenc@posthook=\toks24
) (/home/felix/.TinyTeX/texmf-dist/tex/latex/base/textcomp.sty
Package: textcomp 2020/02/02 v2.0n Standard LaTeX package
) (/home/felix/.TinyTeX/texmf-dist/tex/latex/xcolor/xcolor.sty
Package: xcolor 2023/11/15 v3.01 LaTeX color extensions (UK)
(/home/felix/.TinyTeX/texmf-dist/tex/latex/graphics-cfg/color.cfg
File: color.cfg 2016/01/02 v1.6 sample color configuration
)
Package xcolor Info: Driver file: pdftex.def on input line 274.
(/home/felix/.TinyTeX/texmf-dist/tex/latex/graphics-def/pdftex.def
File: pdftex.def 2022/09/22 v1.2b Graphics/color driver for pdftex
) (/home/felix/.TinyTeX/texmf-dist/tex/latex/graphics/mathcolor.ltx)
Package xcolor Info: Model `cmy' substituted by `cmy0' on input line 1350.
Package xcolor Info: Model `hsb' substituted by `rgb' on input line 1354.
Package xcolor Info: Model `RGB' extended on input line 1366.
Package xcolor Info: Model `HTML' substituted by `rgb' on input line 1368.
Package xcolor Info: Model `Hsb' substituted by `hsb' on input line 1369.
Package xcolor Info: Model `tHsb' substituted by `hsb' on input line 1370.
Package xcolor Info: Model `HSB' substituted by `hsb' on input line 1371.
Package xcolor Info: Model `Gray' substituted by `gray' on input line 1372.
Package xcolor Info: Model `wave' substituted by `hsb' on input line 1373.
) (/home/felix/.TinyTeX/texmf-dist/tex/latex/hyperref/hyperref.sty
Package: hyperref 2024-01-20 v7.01h Hypertext links for LaTeX
(/home/felix/.TinyTeX/texmf-dist/tex/latex/graphics/keyval.sty
Package: keyval 2022/05/29 v1.15 key=value parser (DPC)
\KV@toks@=\toks25
) (/home/felix/.TinyTeX/texmf-dist/tex/latex/kvsetkeys/kvsetkeys.sty
Package: kvsetkeys 2022-10-05 v1.19 Key value parser (HO)
) (/home/felix/.TinyTeX/texmf-dist/tex/generic/kvdefinekeys/kvdefinekeys.sty
Package: kvdefinekeys 2019-12-19 v1.6 Define keys (HO)
) (/home/felix/.TinyTeX/texmf-dist/tex/generic/pdfescape/pdfescape.sty
Package: pdfescape 2019/12/09 v1.15 Implements pdfTeX's escape features (HO)
(/home/felix/.TinyTeX/texmf-dist/tex/generic/ltxcmds/ltxcmds.sty
Package: ltxcmds 2023-12-04 v1.26 LaTeX kernel commands for general use (HO)
) (/home/felix/.TinyTeX/texmf-dist/tex/generic/pdftexcmds/pdftexcmds.sty
Package: pdftexcmds 2020-06-27 v0.33 Utility functions of pdfTeX for LuaTeX (HO)
(/home/felix/.TinyTeX/texmf-dist/tex/generic/infwarerr/infwarerr.sty
Package: infwarerr 2019/12/03 v1.5 Providing info/warning/error messages (HO)
)
Package pdftexcmds Info: \pdf@primitive is available.
Package pdftexcmds Info: \pdf@ifprimitive is available.
Package pdftexcmds Info: \pdfdraftmode found.
)) (/home/felix/.TinyTeX/texmf-dist/tex/latex/hycolor/hycolor.sty
Package: hycolor 2020-01-27 v1.10 Color options for hyperref/bookmark (HO)
) (/home/felix/.TinyTeX/texmf-dist/tex/latex/auxhook/auxhook.sty
Package: auxhook 2019-12-17 v1.6 Hooks for auxiliary files (HO)
) (/home/felix/.TinyTeX/texmf-dist/tex/latex/hyperref/nameref.sty
Package: nameref 2023-11-26 v2.56 Cross-referencing by name of section
(/home/felix/.TinyTeX/texmf-dist/tex/latex/refcount/refcount.sty
Package: refcount 2019/12/15 v3.6 Data extraction from label references (HO)
) (/home/felix/.TinyTeX/texmf-dist/tex/generic/gettitlestring/gettitlestring.sty
Package: gettitlestring 2019/12/15 v1.6 Cleanup title references (HO)
(/home/felix/.TinyTeX/texmf-dist/tex/latex/kvoptions/kvoptions.sty
Package: kvoptions 2022-06-15 v3.15 Key value format for package options (HO)
))
\c@section@level=\count273
) (/home/felix/.TinyTeX/texmf-dist/tex/latex/etoolbox/etoolbox.sty
Package: etoolbox 2020/10/05 v2.5k e-TeX tools for LaTeX (JAW)
\etb@tempcnta=\count274
)
\@linkdim=\dimen150
\Hy@linkcounter=\count275
\Hy@pagecounter=\count276
(/home/felix/.TinyTeX/texmf-dist/tex/latex/hyperref/pd1enc.def
File: pd1enc.def 2024-01-20 v7.01h Hyperref: PDFDocEncoding definition (HO)
Now handling font encoding PD1 ...
... no UTF-8 mapping file for font encoding PD1
) (/home/felix/.TinyTeX/texmf-dist/tex/generic/intcalc/intcalc.sty
Package: intcalc 2019/12/15 v1.3 Expandable calculations with integers (HO)
)
\Hy@SavedSpaceFactor=\count277
(/home/felix/.TinyTeX/texmf-dist/tex/latex/hyperref/puenc.def
File: puenc.def 2024-01-20 v7.01h Hyperref: PDF Unicode definition (HO)
Now handling font encoding PU ...
... no UTF-8 mapping file for font encoding PU
)
Package hyperref Info: Option `unicode' set `true' on input line 4062.
Package hyperref Info: Hyper figures OFF on input line 4179.
Package hyperref Info: Link nesting OFF on input line 4184.
Package hyperref Info: Hyper index ON on input line 4187.
Package hyperref Info: Plain pages OFF on input line 4194.
Package hyperref Info: Backreferencing OFF on input line 4199.
Package hyperref Info: Implicit mode ON; LaTeX internals redefined.
Package hyperref Info: Bookmarks ON on input line 4446.
\c@Hy@tempcnt=\count278
(/home/felix/.TinyTeX/texmf-dist/tex/latex/url/url.sty
\Urlmuskip=\muskip17
Package: url 2013/09/16  ver 3.4  Verb mode for urls, etc.
)
LaTeX Info: Redefining \url on input line 4784.
\XeTeXLinkMargin=\dimen151
(/home/felix/.TinyTeX/texmf-dist/tex/generic/bitset/bitset.sty
Package: bitset 2019/12/09 v1.3 Handle bit-vector datatype (HO)
(/home/felix/.TinyTeX/texmf-dist/tex/generic/bigintcalc/bigintcalc.sty
Package: bigintcalc 2019/12/15 v1.5 Expandable calculations on big integers (HO)
))
\Fld@menulength=\count279
\Field@Width=\dimen152
\Fld@charsize=\dimen153
Package hyperref Info: Hyper figures OFF on input line 6063.
Package hyperref Info: Link nesting OFF on input line 6068.
Package hyperref Info: Hyper index ON on input line 6071.
Package hyperref Info: backreferencing OFF on input line 6078.
Package hyperref Info: Link coloring OFF on input line 6083.
Package hyperref Info: Link coloring with OCG OFF on input line 6088.
Package hyperref Info: PDF/A mode OFF on input line 6093.
(/home/felix/.TinyTeX/texmf-dist/tex/latex/base/atbegshi-ltx.sty
Package: atbegshi-ltx 2021/01/10 v1.0c Emulation of the original atbegshi
package with kernel methods
)
\Hy@abspage=\count280
\c@Item=\count281
\c@Hfootnote=\count282
)
Package hyperref Info: Driver (autodetected): hpdftex.
(/home/felix/.TinyTeX/texmf-dist/tex/latex/hyperref/hpdftex.def
File: hpdftex.def 2024-01-20 v7.01h Hyperref driver for pdfTeX
(/home/felix/.TinyTeX/texmf-dist/tex/latex/base/atveryend-ltx.sty
Package: atveryend-ltx 2020/08/19 v1.0a Emulation of the original atveryend package
with kernel methods
)
\Fld@listcount=\count283
\c@bookmark@seq@number=\count284
(/home/felix/.TinyTeX/texmf-dist/tex/latex/rerunfilecheck/rerunfilecheck.sty
Package: rerunfilecheck 2022-07-10 v1.10 Rerun checks for auxiliary files (HO)
(/home/felix/.TinyTeX/texmf-dist/tex/generic/uniquecounter/uniquecounter.sty
Package: uniquecounter 2019/12/15 v1.4 Provide unlimited unique counter (HO)
)
Package uniquecounter Info: New unique counter `rerunfilecheck' on input line 285.
)
\Hy@SectionHShift=\skip53
) (/home/felix/.TinyTeX/texmf-dist/tex/latex/geometry/geometry.sty
Package: geometry 2020/01/02 v5.9 Page Geometry
(/home/felix/.TinyTeX/texmf-dist/tex/generic/iftex/ifvtex.sty
Package: ifvtex 2019/10/25 v1.7 ifvtex legacy package. Use iftex instead.
)
\Gm@cnth=\count285
\Gm@cntv=\count286
\c@Gm@tempcnt=\count287
\Gm@bindingoffset=\dimen154
\Gm@wd@mp=\dimen155
\Gm@odd@mp=\dimen156
\Gm@even@mp=\dimen157
\Gm@layoutwidth=\dimen158
\Gm@layoutheight=\dimen159
\Gm@layouthoffset=\dimen160
\Gm@layoutvoffset=\dimen161
\Gm@dimlist=\toks26
) (/home/felix/.TinyTeX/texmf-dist/tex/latex/fancyvrb/fancyvrb.sty
Package: fancyvrb 2024/01/20 4.5c verbatim text (tvz,hv)
\FV@CodeLineNo=\count288
\FV@InFile=\read2
\FV@TabBox=\box53
\c@FancyVerbLine=\count289
\FV@StepNumber=\count290
\FV@OutFile=\write3
) (/home/felix/.TinyTeX/texmf-dist/tex/latex/framed/framed.sty
Package: framed 2011/10/22 v 0.96: framed or shaded text with page breaks
\OuterFrameSep=\skip54
\fb@frw=\dimen162
\fb@frh=\dimen163
\FrameRule=\dimen164
\FrameSep=\dimen165
) (/home/felix/.TinyTeX/texmf-dist/tex/latex/graphics/graphicx.sty
Package: graphicx 2021/09/16 v1.2d Enhanced LaTeX Graphics (DPC,SPQR)
(/home/felix/.TinyTeX/texmf-dist/tex/latex/graphics/graphics.sty
Package: graphics 2022/03/10 v1.4e Standard LaTeX Graphics (DPC,SPQR)
(/home/felix/.TinyTeX/texmf-dist/tex/latex/graphics/trig.sty
Package: trig 2021/08/11 v1.11 sin cos tan (DPC)
) (/home/felix/.TinyTeX/texmf-dist/tex/latex/graphics-cfg/graphics.cfg
File: graphics.cfg 2016/06/04 v1.11 sample graphics configuration
)
Package graphics Info: Driver file: pdftex.def on input line 107.
)
\Gin@req@height=\dimen166
\Gin@req@width=\dimen167
) (/home/felix/.TinyTeX/texmf-dist/tex/latex/doublestroke/dsfont.sty
Package: dsfont 1995/08/01 v0.1 Double stroke roman fonts
) (/home/felix/.TinyTeX/texmf-dist/tex/latex/l3backend/l3backend-pdftex.def
File: l3backend-pdftex.def 2024-01-04 L3 backend support: PDF output (pdfTeX)
\l__color_backend_stack_int=\count291
\l__pdf_internal_box=\box54
) (./Baba-Demarquet-deBrandois-Gay-Rapport.aux)
\openout1 = `Baba-Demarquet-deBrandois-Gay-Rapport.aux'.

LaTeX Font Info:    Checking defaults for OML/cmm/m/it on input line 111.
LaTeX Font Info:    ... okay on input line 111.
LaTeX Font Info:    Checking defaults for OMS/cmsy/m/n on input line 111.
LaTeX Font Info:    ... okay on input line 111.
LaTeX Font Info:    Checking defaults for OT1/cmr/m/n on input line 111.
LaTeX Font Info:    ... okay on input line 111.
LaTeX Font Info:    Checking defaults for T1/cmr/m/n on input line 111.
LaTeX Font Info:    ... okay on input line 111.
LaTeX Font Info:    Checking defaults for TS1/cmr/m/n on input line 111.
LaTeX Font Info:    ... okay on input line 111.
LaTeX Font Info:    Checking defaults for OMX/cmex/m/n on input line 111.
LaTeX Font Info:    ... okay on input line 111.
LaTeX Font Info:    Checking defaults for U/cmr/m/n on input line 111.
LaTeX Font Info:    ... okay on input line 111.
LaTeX Font Info:    Checking defaults for PD1/pdf/m/n on input line 111.
LaTeX Font Info:    ... okay on input line 111.
LaTeX Font Info:    Checking defaults for PU/pdf/m/n on input line 111.
LaTeX Font Info:    ... okay on input line 111.
(/home/felix/.TinyTeX/texmf-dist/tex/latex/epstopdf-pkg/epstopdf-base.sty
Package: epstopdf-base 2020-01-24 v2.11 Base part for package epstopdf
Package epstopdf-base Info: Redefining graphics rule for `.eps' on input line 485.
(/home/felix/.TinyTeX/texmf-dist/tex/latex/latexconfig/epstopdf-sys.cfg
File: epstopdf-sys.cfg 2010/07/13 v1.3 Configuration of (r)epstopdf for TeX Live
))
Package hyperref Info: Link coloring OFF on input line 111.
(./Baba-Demarquet-deBrandois-Gay-Rapport.out) (./Baba-Demarquet-deBrandois-Gay-Rapport.out)
\@outlinefile=\write4
\openout4 = `Baba-Demarquet-deBrandois-Gay-Rapport.out'.

*geometry* driver: auto-detecting
*geometry* detected driver: pdftex
*geometry* verbose mode - [ preamble ] result:
* driver: pdftex
* paper: <default>
* layout: <same size as paper>
* layoutoffset:(h,v)=(0.0pt,0.0pt)
* modes: 
* h-part:(L,W,R)=(72.26999pt, 469.75502pt, 72.26999pt)
* v-part:(T,H,B)=(72.26999pt, 650.43001pt, 72.26999pt)
* \paperwidth=614.295pt
* \paperheight=794.96999pt
* \textwidth=469.75502pt
* \textheight=650.43001pt
* \oddsidemargin=0.0pt
* \evensidemargin=0.0pt
* \topmargin=-37.0pt
* \headheight=12.0pt
* \headsep=25.0pt
* \topskip=10.0pt
* \footskip=30.0pt
* \marginparwidth=65.0pt
* \marginparsep=11.0pt
* \columnsep=10.0pt
* \skip\footins=9.0pt plus 4.0pt minus 2.0pt
* \hoffset=0.0pt
* \voffset=0.0pt
* \mag=1000
* \@twocolumnfalse
* \@twosidefalse
* \@mparswitchfalse
* \@reversemarginfalse
* (1in=72.27pt=25.4mm, 1cm=28.453pt)

LaTeX Font Info:    Trying to load font information for OT1+lmr on input line 113.
(/home/felix/.TinyTeX/texmf-dist/tex/latex/lm/ot1lmr.fd
File: ot1lmr.fd 2015/05/01 v1.6.1 Font defs for Latin Modern
)
LaTeX Font Info:    Trying to load font information for OML+lmm on input line 113.
(/home/felix/.TinyTeX/texmf-dist/tex/latex/lm/omllmm.fd
File: omllmm.fd 2015/05/01 v1.6.1 Font defs for Latin Modern
)
LaTeX Font Info:    Trying to load font information for OMS+lmsy on input line 113.
(/home/felix/.TinyTeX/texmf-dist/tex/latex/lm/omslmsy.fd
File: omslmsy.fd 2015/05/01 v1.6.1 Font defs for Latin Modern
)
LaTeX Font Info:    Trying to load font information for OMX+lmex on input line 113.
(/home/felix/.TinyTeX/texmf-dist/tex/latex/lm/omxlmex.fd
File: omxlmex.fd 2015/05/01 v1.6.1 Font defs for Latin Modern
)
LaTeX Font Info:    External font `lmex10' loaded for size
(Font)              <12> on input line 113.
LaTeX Font Info:    External font `lmex10' loaded for size
(Font)              <8> on input line 113.
LaTeX Font Info:    External font `lmex10' loaded for size
(Font)              <6> on input line 113.
LaTeX Font Info:    Trying to load font information for U+msa on input line 113.
(/home/felix/.TinyTeX/texmf-dist/tex/latex/amsfonts/umsa.fd
File: umsa.fd 2013/01/14 v3.01 AMS symbols A
)
LaTeX Font Info:    Trying to load font information for U+msb on input line 113.
(/home/felix/.TinyTeX/texmf-dist/tex/latex/amsfonts/umsb.fd
File: umsb.fd 2013/01/14 v3.01 AMS symbols B
) (./Baba-Demarquet-deBrandois-Gay-Rapport.toc
LaTeX Font Info:    External font `lmex10' loaded for size
(Font)              <10> on input line 2.
LaTeX Font Info:    External font `lmex10' loaded for size
(Font)              <7> on input line 2.
LaTeX Font Info:    External font `lmex10' loaded for size
(Font)              <5> on input line 2.
)
\tf@toc=\write5
\openout5 = `Baba-Demarquet-deBrandois-Gay-Rapport.toc'.

(./Baba-Demarquet-deBrandois-Gay-Rapport.lof [1

{/home/felix/.TinyTeX/texmf-var/fonts/map/pdftex/updmap/pdftex.map}{/home/felix/.TinyTeX/texmf-dist/fonts/enc/dvips/lm/lm-ec.enc}])
\tf@lof=\write6
\openout6 = `Baba-Demarquet-deBrandois-Gay-Rapport.lof'.


Underfull \hbox (badness 10000) in paragraph at lines 120--121

 []

LaTeX Font Info:    Trying to load font information for T1+lmtt on input line 129.
(/home/felix/.TinyTeX/texmf-dist/tex/latex/lm/t1lmtt.fd
File: t1lmtt.fd 2015/05/01 v1.6.1 Font defs for Latin Modern
) [2]
Underfull \hbox (badness 10000) in paragraph at lines 156--160

 []

<Baba-Demarquet-deBrandois-Gay-Rapport_files/figure-latex/fig1-1.pdf, id=124, 469.755pt x 108.405pt>
File: Baba-Demarquet-deBrandois-Gay-Rapport_files/figure-latex/fig1-1.pdf Graphic file (type pdf)
<use Baba-Demarquet-deBrandois-Gay-Rapport_files/figure-latex/fig1-1.pdf>
Package pdftex.def Info: Baba-Demarquet-deBrandois-Gay-Rapport_files/figure-latex/fig1-1.pdf  used on input line 163.
(pdftex.def)             Requested size: 469.75386pt x 108.40472pt.
<Baba-Demarquet-deBrandois-Gay-Rapport_files/figure-latex/fig2-1.pdf, id=125, 469.755pt x 108.405pt>
File: Baba-Demarquet-deBrandois-Gay-Rapport_files/figure-latex/fig2-1.pdf Graphic file (type pdf)
<use Baba-Demarquet-deBrandois-Gay-Rapport_files/figure-latex/fig2-1.pdf>
Package pdftex.def Info: Baba-Demarquet-deBrandois-Gay-Rapport_files/figure-latex/fig2-1.pdf  used on input line 177.
(pdftex.def)             Requested size: 469.75386pt x 108.40472pt.

Underfull \hbox (badness 10000) in paragraph at lines 182--188

 []


Underfull \hbox (badness 10000) in paragraph at lines 189--190

 []

<Baba-Demarquet-deBrandois-Gay-Rapport_files/figure-latex/fig3-1.pdf, id=126, 469.755pt x 180.675pt>
File: Baba-Demarquet-deBrandois-Gay-Rapport_files/figure-latex/fig3-1.pdf Graphic file (type pdf)
<use Baba-Demarquet-deBrandois-Gay-Rapport_files/figure-latex/fig3-1.pdf>
Package pdftex.def Info: Baba-Demarquet-deBrandois-Gay-Rapport_files/figure-latex/fig3-1.pdf  used on input line 193.
(pdftex.def)             Requested size: 469.75386pt x 180.67455pt.
[3 <./Baba-Demarquet-deBrandois-Gay-Rapport_files/figure-latex/fig1-1.pdf> <./Baba-Demarquet-deBrandois-Gay-Rapport_files/figure-latex/fig2-1.pdf>]
<Baba-Demarquet-deBrandois-Gay-Rapport_files/figure-latex/fig4-1.pdf, id=144, 469.755pt x 180.675pt>
File: Baba-Demarquet-deBrandois-Gay-Rapport_files/figure-latex/fig4-1.pdf Graphic file (type pdf)
<use Baba-Demarquet-deBrandois-Gay-Rapport_files/figure-latex/fig4-1.pdf>
Package pdftex.def Info: Baba-Demarquet-deBrandois-Gay-Rapport_files/figure-latex/fig4-1.pdf  used on input line 227.
(pdftex.def)             Requested size: 469.75386pt x 180.67455pt.
[4 <./Baba-Demarquet-deBrandois-Gay-Rapport_files/figure-latex/fig3-1.pdf> <./Baba-Demarquet-deBrandois-Gay-Rapport_files/figure-latex/fig4-1.pdf>]
Underfull \hbox (badness 10000) in paragraph at lines 239--241

 []

<Baba-Demarquet-deBrandois-Gay-Rapport_files/figure-latex/fig5-1.pdf, id=166, 469.755pt x 180.675pt>
File: Baba-Demarquet-deBrandois-Gay-Rapport_files/figure-latex/fig5-1.pdf Graphic file (type pdf)
<use Baba-Demarquet-deBrandois-Gay-Rapport_files/figure-latex/fig5-1.pdf>
Package pdftex.def Info: Baba-Demarquet-deBrandois-Gay-Rapport_files/figure-latex/fig5-1.pdf  used on input line 244.
(pdftex.def)             Requested size: 469.75386pt x 180.67455pt.

Underfull \hbox (badness 10000) in paragraph at lines 249--251

 []


Underfull \hbox (badness 10000) in paragraph at lines 252--254

 []

<Baba-Demarquet-deBrandois-Gay-Rapport_files/figure-latex/fig6-1.pdf, id=167, 469.755pt x 144.54pt>
File: Baba-Demarquet-deBrandois-Gay-Rapport_files/figure-latex/fig6-1.pdf Graphic file (type pdf)
<use Baba-Demarquet-deBrandois-Gay-Rapport_files/figure-latex/fig6-1.pdf>
Package pdftex.def Info: Baba-Demarquet-deBrandois-Gay-Rapport_files/figure-latex/fig6-1.pdf  used on input line 257.
(pdftex.def)             Requested size: 469.75386pt x 144.53963pt.

Underfull \hbox (badness 10000) in paragraph at lines 272--278

 []

[5{/home/felix/.TinyTeX/texmf-dist/fonts/enc/dvips/lm/lm-mathit.enc}{/home/felix/.TinyTeX/texmf-dist/fonts/enc/dvips/lm/lm-rm.enc} <./Baba-Demarquet-deBrandois-Gay-Rapport_files/figure-latex/fig5-1.pdf> <./Baba-Demarquet-deBrandois-Gay-Rapport_files/figure-latex/fig6-1.pdf>]
<Baba-Demarquet-deBrandois-Gay-Rapport_files/figure-latex/fig7-1.pdf, id=192, 469.755pt x 180.675pt>
File: Baba-Demarquet-deBrandois-Gay-Rapport_files/figure-latex/fig7-1.pdf Graphic file (type pdf)
<use Baba-Demarquet-deBrandois-Gay-Rapport_files/figure-latex/fig7-1.pdf>
Package pdftex.def Info: Baba-Demarquet-deBrandois-Gay-Rapport_files/figure-latex/fig7-1.pdf  used on input line 297.
(pdftex.def)             Requested size: 469.75386pt x 180.67455pt.
[6 <./Baba-Demarquet-deBrandois-Gay-Rapport_files/figure-latex/fig7-1.pdf>]
Underfull \hbox (badness 10000) in paragraph at lines 340--341

 []

<Baba-Demarquet-deBrandois-Gay-Rapport_files/figure-latex/fig8-1.pdf, id=204, 361.35pt x 144.54pt>
File: Baba-Demarquet-deBrandois-Gay-Rapport_files/figure-latex/fig8-1.pdf Graphic file (type pdf)
<use Baba-Demarquet-deBrandois-Gay-Rapport_files/figure-latex/fig8-1.pdf>
Package pdftex.def Info: Baba-Demarquet-deBrandois-Gay-Rapport_files/figure-latex/fig8-1.pdf  used on input line 350.
(pdftex.def)             Requested size: 361.34912pt x 144.53963pt.
<Baba-Demarquet-deBrandois-Gay-Rapport_files/figure-latex/fig9-1.pdf, id=205, 361.35pt x 180.675pt>
File: Baba-Demarquet-deBrandois-Gay-Rapport_files/figure-latex/fig9-1.pdf Graphic file (type pdf)
<use Baba-Demarquet-deBrandois-Gay-Rapport_files/figure-latex/fig9-1.pdf>
Package pdftex.def Info: Baba-Demarquet-deBrandois-Gay-Rapport_files/figure-latex/fig9-1.pdf  used on input line 360.
(pdftex.def)             Requested size: 361.34912pt x 180.67455pt.
<Baba-Demarquet-deBrandois-Gay-Rapport_files/figure-latex/fig10-1.pdf, id=206, 361.35pt x 144.54pt>
File: Baba-Demarquet-deBrandois-Gay-Rapport_files/figure-latex/fig10-1.pdf Graphic file (type pdf)
<use Baba-Demarquet-deBrandois-Gay-Rapport_files/figure-latex/fig10-1.pdf>
Package pdftex.def Info: Baba-Demarquet-deBrandois-Gay-Rapport_files/figure-latex/fig10-1.pdf  used on input line 373.
(pdftex.def)             Requested size: 361.34912pt x 144.53963pt.
[7 <./Baba-Demarquet-deBrandois-Gay-Rapport_files/figure-latex/fig8-1.pdf> <./Baba-Demarquet-deBrandois-Gay-Rapport_files/figure-latex/fig9-1.pdf>]
<Baba-Demarquet-deBrandois-Gay-Rapport_files/figure-latex/fig101-1.pdf, id=230, 361.35pt x 144.54pt>
File: Baba-Demarquet-deBrandois-Gay-Rapport_files/figure-latex/fig101-1.pdf Graphic file (type pdf)
<use Baba-Demarquet-deBrandois-Gay-Rapport_files/figure-latex/fig101-1.pdf>
Package pdftex.def Info: Baba-Demarquet-deBrandois-Gay-Rapport_files/figure-latex/fig101-1.pdf  used on input line 397.
(pdftex.def)             Requested size: 361.34912pt x 144.53963pt.
[8 <./Baba-Demarquet-deBrandois-Gay-Rapport_files/figure-latex/fig10-1.pdf> <./Baba-Demarquet-deBrandois-Gay-Rapport_files/figure-latex/fig101-1.pdf>]
<Baba-Demarquet-deBrandois-Gay-Rapport_files/figure-latex/fig14-1.pdf, id=247, 469.755pt x 144.54pt>
File: Baba-Demarquet-deBrandois-Gay-Rapport_files/figure-latex/fig14-1.pdf Graphic file (type pdf)
<use Baba-Demarquet-deBrandois-Gay-Rapport_files/figure-latex/fig14-1.pdf>
Package pdftex.def Info: Baba-Demarquet-deBrandois-Gay-Rapport_files/figure-latex/fig14-1.pdf  used on input line 451.
(pdftex.def)             Requested size: 469.75386pt x 144.53963pt.
[9 <./Baba-Demarquet-deBrandois-Gay-Rapport_files/figure-latex/fig14-1.pdf>]
<Baba-Demarquet-deBrandois-Gay-Rapport_files/figure-latex/fig15-1.pdf, id=260, 469.755pt x 216.81pt>
File: Baba-Demarquet-deBrandois-Gay-Rapport_files/figure-latex/fig15-1.pdf Graphic file (type pdf)
<use Baba-Demarquet-deBrandois-Gay-Rapport_files/figure-latex/fig15-1.pdf>
Package pdftex.def Info: Baba-Demarquet-deBrandois-Gay-Rapport_files/figure-latex/fig15-1.pdf  used on input line 457.
(pdftex.def)             Requested size: 469.75386pt x 216.80946pt.

LaTeX Warning: Reference `fig:fig13' on page 10 undefined on input line 485.

<Baba-Demarquet-deBrandois-Gay-Rapport_files/figure-latex/fig16-1.pdf, id=261, 361.35pt x 144.54pt>
File: Baba-Demarquet-deBrandois-Gay-Rapport_files/figure-latex/fig16-1.pdf Graphic file (type pdf)
<use Baba-Demarquet-deBrandois-Gay-Rapport_files/figure-latex/fig16-1.pdf>
Package pdftex.def Info: Baba-Demarquet-deBrandois-Gay-Rapport_files/figure-latex/fig16-1.pdf  used on input line 489.
(pdftex.def)             Requested size: 361.34912pt x 144.53963pt.
[10 <./Baba-Demarquet-deBrandois-Gay-Rapport_files/figure-latex/fig15-1.pdf> <./Baba-Demarquet-deBrandois-Gay-Rapport_files/figure-latex/fig16-1.pdf>]
<Baba-Demarquet-deBrandois-Gay-Rapport_files/figure-latex/fig17-1.pdf, id=282, 361.35pt x 144.54pt>
File: Baba-Demarquet-deBrandois-Gay-Rapport_files/figure-latex/fig17-1.pdf Graphic file (type pdf)
<use Baba-Demarquet-deBrandois-Gay-Rapport_files/figure-latex/fig17-1.pdf>
Package pdftex.def Info: Baba-Demarquet-deBrandois-Gay-Rapport_files/figure-latex/fig17-1.pdf  used on input line 509.
(pdftex.def)             Requested size: 361.34912pt x 144.53963pt.

LaTeX Warning: Reference `fig:fig15' on page 11 undefined on input line 525.

<Baba-Demarquet-deBrandois-Gay-Rapport_files/figure-latex/fig18-1.pdf, id=284, 361.35pt x 144.54pt>
File: Baba-Demarquet-deBrandois-Gay-Rapport_files/figure-latex/fig18-1.pdf Graphic file (type pdf)
<use Baba-Demarquet-deBrandois-Gay-Rapport_files/figure-latex/fig18-1.pdf>
Package pdftex.def Info: Baba-Demarquet-deBrandois-Gay-Rapport_files/figure-latex/fig18-1.pdf  used on input line 532.
(pdftex.def)             Requested size: 361.34912pt x 144.53963pt.
<Baba-Demarquet-deBrandois-Gay-Rapport_files/figure-latex/fig19-1.pdf, id=285, 361.35pt x 144.54pt>
File: Baba-Demarquet-deBrandois-Gay-Rapport_files/figure-latex/fig19-1.pdf Graphic file (type pdf)
<use Baba-Demarquet-deBrandois-Gay-Rapport_files/figure-latex/fig19-1.pdf>
Package pdftex.def Info: Baba-Demarquet-deBrandois-Gay-Rapport_files/figure-latex/fig19-1.pdf  used on input line 544.
(pdftex.def)             Requested size: 361.34912pt x 144.53963pt.
[11 <./Baba-Demarquet-deBrandois-Gay-Rapport_files/figure-latex/fig17-1.pdf> <./Baba-Demarquet-deBrandois-Gay-Rapport_files/figure-latex/fig18-1.pdf>]
LaTeX Font Info:    Trying to load font information for TS1+lmr on input line 560.
(/home/felix/.TinyTeX/texmf-dist/tex/latex/lm/ts1lmr.fd
File: ts1lmr.fd 2015/05/01 v1.6.1 Font defs for Latin Modern
)
<Baba-Demarquet-deBrandois-Gay-Rapport_files/figure-latex/fig20-1.pdf, id=305, 469.755pt x 144.54pt>
File: Baba-Demarquet-deBrandois-Gay-Rapport_files/figure-latex/fig20-1.pdf Graphic file (type pdf)
<use Baba-Demarquet-deBrandois-Gay-Rapport_files/figure-latex/fig20-1.pdf>
Package pdftex.def Info: Baba-Demarquet-deBrandois-Gay-Rapport_files/figure-latex/fig20-1.pdf  used on input line 567.
(pdftex.def)             Requested size: 469.75386pt x 144.53963pt.
[12{/home/felix/.TinyTeX/texmf-dist/fonts/enc/dvips/lm/lm-ts1.enc} <./Baba-Demarquet-deBrandois-Gay-Rapport_files/figure-latex/fig19-1.pdf> <./Baba-Demarquet-deBrandois-Gay-Rapport_files/figure-latex/fig20-1.pdf>]
<Baba-Demarquet-deBrandois-Gay-Rapport_files/figure-latex/fig21-1.pdf, id=322, 469.755pt x 180.675pt>
File: Baba-Demarquet-deBrandois-Gay-Rapport_files/figure-latex/fig21-1.pdf Graphic file (type pdf)
<use Baba-Demarquet-deBrandois-Gay-Rapport_files/figure-latex/fig21-1.pdf>
Package pdftex.def Info: Baba-Demarquet-deBrandois-Gay-Rapport_files/figure-latex/fig21-1.pdf  used on input line 585.
(pdftex.def)             Requested size: 469.75386pt x 180.67455pt.

Underfull \hbox (badness 10000) in paragraph at lines 609--615

 []


Underfull \hbox (badness 10000) in paragraph at lines 627--629

 []


Overfull \hbox (17.66464pt too wide) detected at line 641
\OMS/lmsy/m/n/10 H[] \OT1/lmr/m/n/10 :  []  [] \OMS/lmsy/m/n/10 H[] \OT1/lmr/m/n/10 :  []
 []

[13{/home/felix/.TinyTeX/texmf-dist/fonts/enc/dvips/lm/lm-mathsy.enc}{/home/felix/.TinyTeX/texmf-dist/fonts/enc/dvips/lm/lm-mathex.enc} <./Baba-Demarquet-deBrandois-Gay-Rapport_files/figure-latex/fig21-1.pdf>] [14]
Underfull \hbox (badness 10000) in paragraph at lines 779--781

 []


Underfull \hbox (badness 10000) in paragraph at lines 784--787

 []

<Baba-Demarquet-deBrandois-Gay-Rapport_files/figure-latex/fig22-1.pdf, id=347, 469.755pt x 216.81pt>
File: Baba-Demarquet-deBrandois-Gay-Rapport_files/figure-latex/fig22-1.pdf Graphic file (type pdf)
<use Baba-Demarquet-deBrandois-Gay-Rapport_files/figure-latex/fig22-1.pdf>
Package pdftex.def Info: Baba-Demarquet-deBrandois-Gay-Rapport_files/figure-latex/fig22-1.pdf  used on input line 790.
(pdftex.def)             Requested size: 469.75386pt x 216.80946pt.
[15]
Underfull \hbox (badness 10000) in paragraph at lines 808--809

 []

<Baba-Demarquet-deBrandois-Gay-Rapport_files/figure-latex/fig23-1.pdf, id=352, 469.755pt x 216.81pt>
File: Baba-Demarquet-deBrandois-Gay-Rapport_files/figure-latex/fig23-1.pdf Graphic file (type pdf)
<use Baba-Demarquet-deBrandois-Gay-Rapport_files/figure-latex/fig23-1.pdf>
Package pdftex.def Info: Baba-Demarquet-deBrandois-Gay-Rapport_files/figure-latex/fig23-1.pdf  used on input line 819.
(pdftex.def)             Requested size: 469.75386pt x 216.80946pt.
[16 <./Baba-Demarquet-deBrandois-Gay-Rapport_files/figure-latex/fig22-1.pdf>]
Overfull \hbox (67.24103pt too wide) detected at line 855
\OMS/lmsy/m/n/10 H[] \OT1/lmr/m/n/10 :  []  [] \OMS/lmsy/m/n/10 H[] \OT1/lmr/m/n/10 :  []
 []

[17 <./Baba-Demarquet-deBrandois-Gay-Rapport_files/figure-latex/fig23-1.pdf>]
<Baba-Demarquet-deBrandois-Gay-Rapport_files/figure-latex/fig30-1.pdf, id=371, 469.755pt x 216.81pt>
File: Baba-Demarquet-deBrandois-Gay-Rapport_files/figure-latex/fig30-1.pdf Graphic file (type pdf)
<use Baba-Demarquet-deBrandois-Gay-Rapport_files/figure-latex/fig30-1.pdf>
Package pdftex.def Info: Baba-Demarquet-deBrandois-Gay-Rapport_files/figure-latex/fig30-1.pdf  used on input line 877.
(pdftex.def)             Requested size: 469.75386pt x 216.80946pt.
[18 <./Baba-Demarquet-deBrandois-Gay-Rapport_files/figure-latex/fig30-1.pdf>]
<Baba-Demarquet-deBrandois-Gay-Rapport_files/figure-latex/fig24-1.pdf, id=388, 469.755pt x 216.81pt>
File: Baba-Demarquet-deBrandois-Gay-Rapport_files/figure-latex/fig24-1.pdf Graphic file (type pdf)
<use Baba-Demarquet-deBrandois-Gay-Rapport_files/figure-latex/fig24-1.pdf>
Package pdftex.def Info: Baba-Demarquet-deBrandois-Gay-Rapport_files/figure-latex/fig24-1.pdf  used on input line 931.
(pdftex.def)             Requested size: 469.75386pt x 216.80946pt.
<Baba-Demarquet-deBrandois-Gay-Rapport_files/figure-latex/fig25-1.pdf, id=389, 469.755pt x 216.81pt>
File: Baba-Demarquet-deBrandois-Gay-Rapport_files/figure-latex/fig25-1.pdf Graphic file (type pdf)
<use Baba-Demarquet-deBrandois-Gay-Rapport_files/figure-latex/fig25-1.pdf>
Package pdftex.def Info: Baba-Demarquet-deBrandois-Gay-Rapport_files/figure-latex/fig25-1.pdf  used on input line 947.
(pdftex.def)             Requested size: 469.75386pt x 216.80946pt.
<Baba-Demarquet-deBrandois-Gay-Rapport_files/figure-latex/fig26-1.pdf, id=390, 469.755pt x 216.81pt>
File: Baba-Demarquet-deBrandois-Gay-Rapport_files/figure-latex/fig26-1.pdf Graphic file (type pdf)
<use Baba-Demarquet-deBrandois-Gay-Rapport_files/figure-latex/fig26-1.pdf>
Package pdftex.def Info: Baba-Demarquet-deBrandois-Gay-Rapport_files/figure-latex/fig26-1.pdf  used on input line 957.
(pdftex.def)             Requested size: 469.75386pt x 216.80946pt.
[19 <./Baba-Demarquet-deBrandois-Gay-Rapport_files/figure-latex/fig24-1.pdf> <./Baba-Demarquet-deBrandois-Gay-Rapport_files/figure-latex/fig25-1.pdf>]
<Baba-Demarquet-deBrandois-Gay-Rapport_files/figure-latex/fig27-1.pdf, id=406, 469.755pt x 216.81pt>
File: Baba-Demarquet-deBrandois-Gay-Rapport_files/figure-latex/fig27-1.pdf Graphic file (type pdf)
<use Baba-Demarquet-deBrandois-Gay-Rapport_files/figure-latex/fig27-1.pdf>
Package pdftex.def Info: Baba-Demarquet-deBrandois-Gay-Rapport_files/figure-latex/fig27-1.pdf  used on input line 971.
(pdftex.def)             Requested size: 469.75386pt x 216.80946pt.
[20 <./Baba-Demarquet-deBrandois-Gay-Rapport_files/figure-latex/fig26-1.pdf> <./Baba-Demarquet-deBrandois-Gay-Rapport_files/figure-latex/fig27-1.pdf>]
LaTeX Font Info:    Trying to load font information for U+dsrom on input line 1001.
(/home/felix/.TinyTeX/texmf-dist/tex/latex/doublestroke/Udsrom.fd
File: Udsrom.fd 1995/08/01 v0.1 Double stroke roman font definitions
)
Overfull \hbox (44.06906pt too wide) detected at line 1011
[]
 []

LaTeX Font Info:    Font shape `T1/lmtt/bx/n' in size <10> not available
(Font)              Font shape `T1/lmtt/b/n' tried instead on input line 1041.
[21] [22]
Overfull \hbox (32.1561pt too wide) detected at line 1125
[]
 []

[23]
<Baba-Demarquet-deBrandois-Gay-Rapport_files/figure-latex/fig28-1.pdf, id=443, 469.755pt x 216.81pt>
File: Baba-Demarquet-deBrandois-Gay-Rapport_files/figure-latex/fig28-1.pdf Graphic file (type pdf)
<use Baba-Demarquet-deBrandois-Gay-Rapport_files/figure-latex/fig28-1.pdf>
Package pdftex.def Info: Baba-Demarquet-deBrandois-Gay-Rapport_files/figure-latex/fig28-1.pdf  used on input line 1189.
(pdftex.def)             Requested size: 469.75386pt x 216.80946pt.
[24 <./Baba-Demarquet-deBrandois-Gay-Rapport_files/figure-latex/fig28-1.pdf>] (./Baba-Demarquet-deBrandois-Gay-Rapport.aux)
 ***********
LaTeX2e <2023-11-01> patch level 1
L3 programming layer <2024-01-22>
 ***********

LaTeX Warning: There were undefined references.

Package rerunfilecheck Info: File `Baba-Demarquet-deBrandois-Gay-Rapport.out' has not changed.
(rerunfilecheck)             Checksum: BC59153A3B4A92EA2A31F4D1D5629A19;1583.
 ) 
Here is how much of TeX's memory you used:
 11652 strings out of 476182
 190744 string characters out of 5795385
 1940975 words of memory out of 5000000
 33355 multiletter control sequences out of 15000+600000
 615522 words of font info for 85 fonts, out of 8000000 for 9000
 14 hyphenation exceptions out of 8191
 75i,9n,79p,315b,588s stack positions out of 10000i,1000n,20000p,200000b,200000s
</home/felix/.TinyTeX/texmf-dist/fonts/type1/public/doublestroke/dsrom10.pfb></home/felix/.TinyTeX/texmf-dist/fonts/type1/public/lm/lmbx10.pfb></home/felix/.TinyTeX/texmf-dist/fonts/type1/public/lm/lmbx12.pfb></home/felix/.TinyTeX/texmf-dist/fonts/type1/public/lm/lmex10.pfb></home/felix/.TinyTeX/texmf-dist/fonts/type1/public/lm/lmmi10.pfb></home/felix/.TinyTeX/texmf-dist/fonts/type1/public/lm/lmmi5.pfb></home/felix/.TinyTeX/texmf-dist/fonts/type1/public/lm/lmmi7.pfb></home/felix/.TinyTeX/texmf-dist/fonts/type1/public/lm/lmr10.pfb></home/felix/.TinyTeX/texmf-dist/fonts/type1/public/lm/lmr12.pfb></home/felix/.TinyTeX/texmf-dist/fonts/type1/public/lm/lmr17.pfb></home/felix/.TinyTeX/texmf-dist/fonts/type1/public/lm/lmr7.pfb></home/felix/.TinyTeX/texmf-dist/fonts/type1/public/lm/lmri10.pfb></home/felix/.TinyTeX/texmf-dist/fonts/type1/public/lm/lmsy10.pfb></home/felix/.TinyTeX/texmf-dist/fonts/type1/public/lm/lmsy7.pfb></home/felix/.TinyTeX/texmf-dist/fonts/type1/public/lm/lmtk10.pfb></home/felix/.TinyTeX/texmf-dist/fonts/type1/public/lm/lmtt10.pfb></home/felix/.TinyTeX/texmf-dist/fonts/type1/public/amsfonts/symbols/msbm7.pfb>
Output written on Baba-Demarquet-deBrandois-Gay-Rapport.pdf (24 pages, 1042859 bytes).
PDF statistics:
 561 PDF objects out of 1000 (max. 8388607)
 433 compressed objects within 5 object streams
 99 named destinations out of 1000 (max. 500000)
 216 words of extra memory for PDF output out of 10000 (max. 10000000)

